<?xml version="1.0" encoding="UTF-8"?>
<testng-results ignored="0" total="1" passed="1" failed="0" skipped="0">
  <reporter-output>
  </reporter-output>
  <suite started-at="2023-12-20T13:59:31 IST" name="Default suite" finished-at="2023-12-20T13:59:32 IST" duration-ms="547">
    <groups>
    </groups>
    <test started-at="2023-12-20T13:59:31 IST" name="Default test" finished-at="2023-12-20T13:59:32 IST" duration-ms="547">
      <class name="org.ng.RunnerTestEx">
        <test-method signature="readExcel()[pri:0, instance:org.ng.RunnerTestEx@120f102b]" started-at="2023-12-20T13:59:31 IST" name="readExcel" finished-at="2023-12-20T13:59:32 IST" duration-ms="505" status="PASS">
          <reporter-output>
          </reporter-output>
        </test-method> <!-- readExcel -->
      </class> <!-- org.ng.RunnerTestEx -->
    </test> <!-- Default test -->
  </suite> <!-- Default suite -->
</testng-results>
